<?xml version="1.0" encoding="UTF-8"?>
<!-- Generated by org.testng.reporters.JUnitReportReporter -->
<testsuite hostname="Aparnas-MBP.hsd1.ca.comcast.net" failures="0" tests="3" name="TestNgClass" time="0.010" errors="0" timestamp="2021-05-04T09:59:17 PDT" skipped="0">
  <testcase classname="TestNgClass" name="Test1" time="0.006"/>
  <system-out/>
  <testcase classname="TestNgClass" name="ValidateTitles" time="0.002"/>
  <system-out/>
  <testcase classname="TestNgClass" name="Test2" time="0.002"/>
  <system-out/>
</testsuite> <!-- TestNgClass -->
