<?xml version="1.0" encoding="UTF-8"?>
<!-- Generated by org.testng.reporters.JUnitReportReporter -->
<testsuite hostname="Aparnas-MBP.hsd1.ca.comcast.net" failures="0" tests="2" name="Login" time="11.196" errors="0" timestamp="2021-05-02T19:07:25 PDT" skipped="0">
  <testcase classname="Login" name="loginTest" time="5.120"/>
  <system-out/>
  <testcase classname="Login" name="okAlert" time="6.076"/>
  <system-out/>
</testsuite> <!-- Login -->
