<?xml version="1.0" encoding="UTF-8"?>
<!-- Generated by org.testng.reporters.JUnitReportReporter -->
<testsuite hostname="Aparnas-MBP.hsd1.ca.comcast.net" failures="0" tests="2" name="Tests.OpencatsLogin" time="2.779" errors="0" timestamp="2021-05-24T00:54:52 PDT" skipped="0">
  <testcase classname="Tests.OpencatsLogin" name="LoginTest" time="1.369"/>
  <system-out/>
  <testcase classname="Tests.OpencatsLogin" name="LoginTest" time="1.410"/>
  <system-out/>
</testsuite> <!-- Tests.OpencatsLogin -->
