<?xml version="1.0" encoding="UTF-8"?>
<!-- Generated by org.testng.reporters.JUnitReportReporter -->
<testsuite hostname="Aparnas-MBP.hsd1.ca.comcast.net" failures="0" tests="3" name="OpencatsLogin" time="0.008" errors="0" timestamp="2021-05-04T10:10:55 PDT" skipped="0">
  <testcase classname="OpencatsLogin" name="Test1" time="0.006"/>
  <system-out/>
  <testcase classname="OpencatsLogin" name="ValidateTitles" time="0.001"/>
  <system-out/>
  <testcase classname="OpencatsLogin" name="Test2" time="0.001"/>
  <system-out/>
</testsuite> <!-- OpencatsLogin -->
